1755841218.390780 client started (11110): version 3.5a, socket /private/tmp/tmux-501/default, protocol 8
1755841218.391006 on Darwin 24.6.0 Darwin Kernel Version 24.6.0: Mon Jul 14 11:28:17 PDT 2025; root:xnu-11417.140.69~1/RELEASE_X86_64
1755841218.391201 using libevent 2.1.12-stable select
1755841218.391755 using utf8proc 2.9.0
1755841218.391794 using ncurses 6.5 20240427
1755841218.391859 flags are 0x10010000
1755841218.391876 socket is /private/tmp/tmux-501/default
1755841218.391898 trying connect
1755841218.392030 add peer 0x7fd6c8830000: 6 (0x0)
1755841218.395381 sending message 111 to peer 0x7fd6c8830000 (8 bytes)
1755841218.395434 sending message 111 to peer 0x7fd6c8830000 (8 bytes)
1755841218.395452 sending message 101 to peer 0x7fd6c8830000 (22 bytes)
1755841218.395467 sending message 109 to peer 0x7fd6c8830000 (4 bytes)
1755841218.395482 sending message 102 to peer 0x7fd6c8830000 (13 bytes)
1755841218.395496 sending message 108 to peer 0x7fd6c8830000 (21 bytes)
1755841218.395512 sending message 112 to peer 0x7fd6c8830000 (58 bytes)
1755841218.395526 sending message 112 to peer 0x7fd6c8830000 (5 bytes)
1755841218.395541 sending message 112 to peer 0x7fd6c8830000 (6 bytes)
1755841218.395557 sending message 112 to peer 0x7fd6c8830000 (6 bytes)
1755841218.395571 sending message 112 to peer 0x7fd6c8830000 (11 bytes)
1755841218.395586 sending message 112 to peer 0x7fd6c8830000 (10 bytes)
1755841218.395601 sending message 112 to peer 0x7fd6c8830000 (13 bytes)
1755841218.395616 sending message 112 to peer 0x7fd6c8830000 (14 bytes)
1755841218.395629 sending message 112 to peer 0x7fd6c8830000 (19 bytes)
1755841218.395645 sending message 112 to peer 0x7fd6c8830000 (11 bytes)
1755841218.395660 sending message 112 to peer 0x7fd6c8830000 (21 bytes)
1755841218.395675 sending message 112 to peer 0x7fd6c8830000 (13 bytes)
1755841218.395689 sending message 112 to peer 0x7fd6c8830000 (7 bytes)
1755841218.395704 sending message 112 to peer 0x7fd6c8830000 (13 bytes)
1755841218.395719 sending message 112 to peer 0x7fd6c8830000 (7 bytes)
1755841218.395733 sending message 112 to peer 0x7fd6c8830000 (13 bytes)
1755841218.395748 sending message 112 to peer 0x7fd6c8830000 (9 bytes)
1755841218.395762 sending message 112 to peer 0x7fd6c8830000 (21 bytes)
1755841218.395777 sending message 112 to peer 0x7fd6c8830000 (13 bytes)
1755841218.395791 sending message 112 to peer 0x7fd6c8830000 (9 bytes)
1755841218.395807 sending message 112 to peer 0x7fd6c8830000 (16 bytes)
1755841218.395822 sending message 112 to peer 0x7fd6c8830000 (13 bytes)
1755841218.395850 sending message 112 to peer 0x7fd6c8830000 (9 bytes)
1755841218.395867 sending message 112 to peer 0x7fd6c8830000 (12 bytes)
1755841218.395882 sending message 112 to peer 0x7fd6c8830000 (8 bytes)
1755841218.395897 sending message 112 to peer 0x7fd6c8830000 (13 bytes)
1755841218.395913 sending message 112 to peer 0x7fd6c8830000 (7 bytes)
1755841218.395929 sending message 112 to peer 0x7fd6c8830000 (7 bytes)
1755841218.395944 sending message 112 to peer 0x7fd6c8830000 (9 bytes)
1755841218.395959 sending message 112 to peer 0x7fd6c8830000 (9 bytes)
1755841218.395979 sending message 112 to peer 0x7fd6c8830000 (15 bytes)
1755841218.395996 sending message 112 to peer 0x7fd6c8830000 (13 bytes)
1755841218.396011 sending message 112 to peer 0x7fd6c8830000 (12 bytes)
1755841218.396026 sending message 112 to peer 0x7fd6c8830000 (8 bytes)
1755841218.396042 sending message 112 to peer 0x7fd6c8830000 (14 bytes)
1755841218.396059 sending message 112 to peer 0x7fd6c8830000 (11 bytes)
1755841218.396080 sending message 112 to peer 0x7fd6c8830000 (9 bytes)
1755841218.396097 sending message 112 to peer 0x7fd6c8830000 (10 bytes)
1755841218.396112 sending message 112 to peer 0x7fd6c8830000 (10 bytes)
1755841218.396128 sending message 112 to peer 0x7fd6c8830000 (10 bytes)
1755841218.396145 sending message 112 to peer 0x7fd6c8830000 (10 bytes)
1755841218.396162 sending message 112 to peer 0x7fd6c8830000 (11 bytes)
1755841218.396178 sending message 112 to peer 0x7fd6c8830000 (11 bytes)
1755841218.396195 sending message 112 to peer 0x7fd6c8830000 (9 bytes)
1755841218.396249 sending message 112 to peer 0x7fd6c8830000 (12 bytes)
1755841218.396263 sending message 112 to peer 0x7fd6c8830000 (8 bytes)
1755841218.396274 sending message 112 to peer 0x7fd6c8830000 (11 bytes)
1755841218.396284 sending message 112 to peer 0x7fd6c8830000 (11 bytes)
1755841218.396295 sending message 112 to peer 0x7fd6c8830000 (11 bytes)
1755841218.396306 sending message 112 to peer 0x7fd6c8830000 (12 bytes)
1755841218.396316 sending message 112 to peer 0x7fd6c8830000 (12 bytes)
1755841218.396326 sending message 112 to peer 0x7fd6c8830000 (12 bytes)
1755841218.396337 sending message 112 to peer 0x7fd6c8830000 (12 bytes)
1755841218.396348 sending message 112 to peer 0x7fd6c8830000 (13 bytes)
1755841218.396358 sending message 112 to peer 0x7fd6c8830000 (13 bytes)
1755841218.396369 sending message 112 to peer 0x7fd6c8830000 (13 bytes)
1755841218.396380 sending message 112 to peer 0x7fd6c8830000 (8 bytes)
1755841218.396391 sending message 112 to peer 0x7fd6c8830000 (13 bytes)
1755841218.396402 sending message 112 to peer 0x7fd6c8830000 (13 bytes)
1755841218.396414 sending message 112 to peer 0x7fd6c8830000 (13 bytes)
1755841218.396425 sending message 112 to peer 0x7fd6c8830000 (13 bytes)
1755841218.396435 sending message 112 to peer 0x7fd6c8830000 (13 bytes)
1755841218.396446 sending message 112 to peer 0x7fd6c8830000 (12 bytes)
1755841218.396456 sending message 112 to peer 0x7fd6c8830000 (12 bytes)
1755841218.396466 sending message 112 to peer 0x7fd6c8830000 (12 bytes)
1755841218.396476 sending message 112 to peer 0x7fd6c8830000 (12 bytes)
1755841218.396494 sending message 112 to peer 0x7fd6c8830000 (13 bytes)
1755841218.396505 sending message 112 to peer 0x7fd6c8830000 (8 bytes)
1755841218.396515 sending message 112 to peer 0x7fd6c8830000 (13 bytes)
1755841218.396525 sending message 112 to peer 0x7fd6c8830000 (13 bytes)
1755841218.396536 sending message 112 to peer 0x7fd6c8830000 (13 bytes)
1755841218.396546 sending message 112 to peer 0x7fd6c8830000 (13 bytes)
1755841218.396557 sending message 112 to peer 0x7fd6c8830000 (13 bytes)
1755841218.396567 sending message 112 to peer 0x7fd6c8830000 (13 bytes)
1755841218.396579 sending message 112 to peer 0x7fd6c8830000 (13 bytes)
1755841218.396605 sending message 112 to peer 0x7fd6c8830000 (12 bytes)
1755841218.396615 sending message 112 to peer 0x7fd6c8830000 (12 bytes)
1755841218.396625 sending message 112 to peer 0x7fd6c8830000 (12 bytes)
1755841218.396636 sending message 112 to peer 0x7fd6c8830000 (8 bytes)
1755841218.396646 sending message 112 to peer 0x7fd6c8830000 (12 bytes)
1755841218.396657 sending message 112 to peer 0x7fd6c8830000 (13 bytes)
1755841218.396667 sending message 112 to peer 0x7fd6c8830000 (13 bytes)
1755841218.396677 sending message 112 to peer 0x7fd6c8830000 (13 bytes)
1755841218.396687 sending message 112 to peer 0x7fd6c8830000 (13 bytes)
1755841218.396697 sending message 112 to peer 0x7fd6c8830000 (13 bytes)
1755841218.396708 sending message 112 to peer 0x7fd6c8830000 (13 bytes)
1755841218.396718 sending message 112 to peer 0x7fd6c8830000 (13 bytes)
1755841218.396729 sending message 112 to peer 0x7fd6c8830000 (13 bytes)
1755841218.396738 sending message 112 to peer 0x7fd6c8830000 (12 bytes)
1755841218.396747 sending message 112 to peer 0x7fd6c8830000 (10 bytes)
1755841218.396757 sending message 112 to peer 0x7fd6c8830000 (12 bytes)
1755841218.396767 sending message 112 to peer 0x7fd6c8830000 (12 bytes)
1755841218.396779 sending message 112 to peer 0x7fd6c8830000 (12 bytes)
1755841218.396789 sending message 112 to peer 0x7fd6c8830000 (13 bytes)
1755841218.396798 sending message 112 to peer 0x7fd6c8830000 (13 bytes)
1755841218.396809 sending message 112 to peer 0x7fd6c8830000 (13 bytes)
1755841218.396818 sending message 112 to peer 0x7fd6c8830000 (13 bytes)
1755841218.396829 sending message 112 to peer 0x7fd6c8830000 (13 bytes)
1755841218.396841 sending message 112 to peer 0x7fd6c8830000 (13 bytes)
1755841218.396852 sending message 112 to peer 0x7fd6c8830000 (13 bytes)
1755841218.396863 sending message 112 to peer 0x7fd6c8830000 (10 bytes)
1755841218.396907 sending message 112 to peer 0x7fd6c8830000 (13 bytes)
1755841218.396919 sending message 112 to peer 0x7fd6c8830000 (12 bytes)
1755841218.396930 sending message 112 to peer 0x7fd6c8830000 (12 bytes)
1755841218.396940 sending message 112 to peer 0x7fd6c8830000 (12 bytes)
1755841218.396951 sending message 112 to peer 0x7fd6c8830000 (10 bytes)
1755841218.396962 sending message 112 to peer 0x7fd6c8830000 (10 bytes)
1755841218.396972 sending message 112 to peer 0x7fd6c8830000 (10 bytes)
1755841218.396982 sending message 112 to peer 0x7fd6c8830000 (12 bytes)
1755841218.396994 sending message 112 to peer 0x7fd6c8830000 (10 bytes)
1755841218.397005 sending message 112 to peer 0x7fd6c8830000 (11 bytes)
1755841218.397016 sending message 112 to peer 0x7fd6c8830000 (11 bytes)
1755841218.397027 sending message 112 to peer 0x7fd6c8830000 (12 bytes)
1755841218.397037 sending message 112 to peer 0x7fd6c8830000 (12 bytes)
1755841218.397047 sending message 112 to peer 0x7fd6c8830000 (10 bytes)
1755841218.397056 sending message 112 to peer 0x7fd6c8830000 (9 bytes)
1755841218.397067 sending message 112 to peer 0x7fd6c8830000 (12 bytes)
1755841218.397077 sending message 112 to peer 0x7fd6c8830000 (9 bytes)
1755841218.397087 sending message 112 to peer 0x7fd6c8830000 (12 bytes)
1755841218.397098 sending message 112 to peer 0x7fd6c8830000 (11 bytes)
1755841218.397109 sending message 112 to peer 0x7fd6c8830000 (12 bytes)
1755841218.397127 sending message 112 to peer 0x7fd6c8830000 (12 bytes)
1755841218.397138 sending message 112 to peer 0x7fd6c8830000 (9 bytes)
1755841218.397148 sending message 112 to peer 0x7fd6c8830000 (6 bytes)
1755841218.397158 sending message 112 to peer 0x7fd6c8830000 (13 bytes)
1755841218.397169 sending message 112 to peer 0x7fd6c8830000 (10 bytes)
1755841218.397179 sending message 112 to peer 0x7fd6c8830000 (15 bytes)
1755841218.397190 sending message 112 to peer 0x7fd6c8830000 (13 bytes)
1755841218.397199 sending message 112 to peer 0x7fd6c8830000 (70 bytes)
1755841218.397210 sending message 112 to peer 0x7fd6c8830000 (69 bytes)
1755841218.397220 sending message 112 to peer 0x7fd6c8830000 (12 bytes)
1755841218.397234 sending message 112 to peer 0x7fd6c8830000 (10 bytes)
1755841218.397245 sending message 112 to peer 0x7fd6c8830000 (10 bytes)
1755841218.397255 sending message 112 to peer 0x7fd6c8830000 (15 bytes)
1755841218.397264 sending message 112 to peer 0x7fd6c8830000 (13 bytes)
1755841218.397274 sending message 112 to peer 0x7fd6c8830000 (10 bytes)
1755841218.397284 sending message 112 to peer 0x7fd6c8830000 (10 bytes)
1755841218.397295 sending message 112 to peer 0x7fd6c8830000 (15 bytes)
1755841218.397307 sending message 104 to peer 0x7fd6c8830000 (0 bytes)
1755841218.397320 sending message 110 to peer 0x7fd6c8830000 (0 bytes)
1755841218.397332 sending message 107 to peer 0x7fd6c8830000 (4 bytes)
1755841218.397342 sending message 105 to peer 0x7fd6c8830000 (15 bytes)
1755841218.397353 sending message 105 to peer 0x7fd6c8830000 (20 bytes)
1755841218.397363 sending message 105 to peer 0x7fd6c8830000 (22 bytes)
1755841218.397375 sending message 105 to peer 0x7fd6c8830000 (75 bytes)
1755841218.397386 sending message 105 to peer 0x7fd6c8830000 (759 bytes)
1755841218.397399 sending message 105 to peer 0x7fd6c8830000 (17 bytes)
1755841218.397409 sending message 105 to peer 0x7fd6c8830000 (19 bytes)
1755841218.397421 sending message 105 to peer 0x7fd6c8830000 (61 bytes)
1755841218.397432 sending message 105 to peer 0x7fd6c8830000 (17 bytes)
1755841218.397442 sending message 105 to peer 0x7fd6c8830000 (19 bytes)
1755841218.397452 sending message 105 to peer 0x7fd6c8830000 (27 bytes)
1755841218.397462 sending message 105 to peer 0x7fd6c8830000 (8 bytes)
1755841218.397472 sending message 105 to peer 0x7fd6c8830000 (13 bytes)
1755841218.397482 sending message 105 to peer 0x7fd6c8830000 (32 bytes)
1755841218.397494 sending message 105 to peer 0x7fd6c8830000 (96 bytes)
1755841218.397505 sending message 105 to peer 0x7fd6c8830000 (54 bytes)
1755841218.397588 sending message 105 to peer 0x7fd6c8830000 (16 bytes)
1755841218.397753 sending message 105 to peer 0x7fd6c8830000 (25 bytes)
1755841218.397781 sending message 105 to peer 0x7fd6c8830000 (28 bytes)
1755841218.397849 sending message 105 to peer 0x7fd6c8830000 (20 bytes)
1755841218.397873 sending message 105 to peer 0x7fd6c8830000 (17 bytes)
1755841218.397888 sending message 105 to peer 0x7fd6c8830000 (11 bytes)
1755841218.397899 sending message 105 to peer 0x7fd6c8830000 (211 bytes)
1755841218.397909 sending message 105 to peer 0x7fd6c8830000 (10 bytes)
1755841218.397918 sending message 105 to peer 0x7fd6c8830000 (35 bytes)
1755841218.397927 sending message 105 to peer 0x7fd6c8830000 (25 bytes)
1755841218.397936 sending message 105 to peer 0x7fd6c8830000 (24 bytes)
1755841218.397944 sending message 105 to peer 0x7fd6c8830000 (15 bytes)
1755841218.397953 sending message 105 to peer 0x7fd6c8830000 (8 bytes)
1755841218.397961 sending message 105 to peer 0x7fd6c8830000 (66 bytes)
1755841218.397969 sending message 105 to peer 0x7fd6c8830000 (27 bytes)
1755841218.397978 sending message 105 to peer 0x7fd6c8830000 (86 bytes)
1755841218.398013 sending message 105 to peer 0x7fd6c8830000 (44 bytes)
1755841218.398022 sending message 105 to peer 0x7fd6c8830000 (18 bytes)
1755841218.398030 sending message 105 to peer 0x7fd6c8830000 (26 bytes)
1755841218.398040 sending message 105 to peer 0x7fd6c8830000 (60 bytes)
1755841218.398049 sending message 105 to peer 0x7fd6c8830000 (57 bytes)
1755841218.398057 sending message 105 to peer 0x7fd6c8830000 (42 bytes)
1755841218.398066 sending message 105 to peer 0x7fd6c8830000 (13 bytes)
1755841218.398075 sending message 105 to peer 0x7fd6c8830000 (52 bytes)
1755841218.398084 sending message 105 to peer 0x7fd6c8830000 (10 bytes)
1755841218.398093 sending message 105 to peer 0x7fd6c8830000 (14 bytes)
1755841218.398102 sending message 105 to peer 0x7fd6c8830000 (19 bytes)
1755841218.398111 sending message 105 to peer 0x7fd6c8830000 (33 bytes)
1755841218.398120 sending message 105 to peer 0x7fd6c8830000 (41 bytes)
1755841218.398129 sending message 105 to peer 0x7fd6c8830000 (46 bytes)
1755841218.398139 sending message 105 to peer 0x7fd6c8830000 (46 bytes)
1755841218.398148 sending message 105 to peer 0x7fd6c8830000 (30 bytes)
1755841218.398158 sending message 105 to peer 0x7fd6c8830000 (47 bytes)
1755841218.398171 sending message 105 to peer 0x7fd6c8830000 (29 bytes)
1755841218.398180 sending message 105 to peer 0x7fd6c8830000 (29 bytes)
1755841218.398190 sending message 105 to peer 0x7fd6c8830000 (21 bytes)
1755841218.398198 sending message 105 to peer 0x7fd6c8830000 (37 bytes)
1755841218.398206 sending message 105 to peer 0x7fd6c8830000 (30 bytes)
1755841218.398215 sending message 105 to peer 0x7fd6c8830000 (21 bytes)
1755841218.398223 sending message 105 to peer 0x7fd6c8830000 (27 bytes)
1755841218.398232 sending message 105 to peer 0x7fd6c8830000 (47 bytes)
1755841218.398241 sending message 105 to peer 0x7fd6c8830000 (25 bytes)
1755841218.398254 sending message 105 to peer 0x7fd6c8830000 (38 bytes)
1755841218.398263 sending message 105 to peer 0x7fd6c8830000 (35 bytes)
1755841218.398272 sending message 105 to peer 0x7fd6c8830000 (42 bytes)
1755841218.398282 sending message 105 to peer 0x7fd6c8830000 (21 bytes)
1755841218.398291 sending message 105 to peer 0x7fd6c8830000 (43 bytes)
1755841218.398300 sending message 105 to peer 0x7fd6c8830000 (32 bytes)
1755841218.398309 sending message 105 to peer 0x7fd6c8830000 (108 bytes)
1755841218.398319 sending message 105 to peer 0x7fd6c8830000 (70 bytes)
1755841218.398327 sending message 105 to peer 0x7fd6c8830000 (17 bytes)
1755841218.398336 sending message 105 to peer 0x7fd6c8830000 (22 bytes)
1755841218.398346 sending message 106 to peer 0x7fd6c8830000 (0 bytes)
1755841218.398470 sending message 200 to peer 0x7fd6c8830000 (4 bytes)
1755841218.398497 client loop enter
1755841218.399577 peer 0x7fd6c8830000 message 303
1755841218.399627 open write file 2 -
1755841218.399687 sending message 305 to peer 0x7fd6c8830000 (8 bytes)
1755841218.399729 write check file 2
1755841218.400245 peer 0x7fd6c8830000 message 304
1755841218.400317 write 58 to file 2
1755841218.400345 peer 0x7fd6c8830000 message 203
1755841218.400356 file 2 58 bytes left
1755841218.400385 write check file 2
1755841218.400397 client loop exit
